!ERROR: java.lang.NullPointerException
	at org.eclipse.core.runtime.Path.makeRelativeTo(Path.java:741)
	at com.ti.ccstudio.project.core.internal.initializer.CCSConfigurationInitializer.computeImportTargetPath(CCSConfigurationInitializer.java:1101)
	at com.ti.ccstudio.project.core.internal.initializer.CCSConfigurationInitializer.postProcessDeviceSourceFiles(CCSConfigurationInitializer.java:950)
	at com.ti.ccstudio.project.core.internal.initializer.CCSConfigurationInitializer.doPostInitialize(CCSConfigurationInitializer.java:150)
	at com.ti.common.project.core.internal.initializer.AConfigurationInitializer.internalPostInitialize(AConfigurationInitializer.java:236)
	at com.ti.common.project.core.internal.initializer.AConfigurationInitializer.initialize(AConfigurationInitializer.java:94)
	at com.ti.ccstudio.project.core.services.ProjectModifier$1.run(ProjectModifier.java:730)
	at org.eclipse.core.internal.resources.Workspace.run(Workspace.java:2313)
	at com.ti.ccstudio.project.core.services.ProjectModifier.modifyCCSProject(ProjectModifier.java:724)
	at com.ti.ccstudio.project.core.services.ProjectCreator$1.run(ProjectCreator.java:884)
	at org.eclipse.core.internal.resources.Workspace.run(Workspace.java:2313)
	at com.ti.ccstudio.project.core.services.ProjectCreator.createCCSProject(ProjectCreator.java:878)
	at com.ti.ccstudio.project.core.services.ProjectCreator.createCCSProject(ProjectCreator.java:829)
	at com.ti.ccstudio.project.ui.internal.resexplorer.ResourceExplorerProjectDelegate$6.run(ResourceExplorerProjectDelegate.java:480)
	at org.eclipse.jface.operation.ModalContext$ModalContextThread.run(ModalContext.java:122)


!ERROR: java.lang.NullPointerException
	at org.eclipse.core.runtime.Path.makeRelativeTo(Path.java:741)
	at com.ti.ccstudio.project.core.internal.initializer.CCSConfigurationInitializer.computeImportTargetPath(CCSConfigurationInitializer.java:1101)
	at com.ti.ccstudio.project.core.internal.initializer.CCSConfigurationInitializer.postProcessDeviceSourceFiles(CCSConfigurationInitializer.java:950)
	at com.ti.ccstudio.project.core.internal.initializer.CCSConfigurationInitializer.doPostInitialize(CCSConfigurationInitializer.java:150)
	at com.ti.common.project.core.internal.initializer.AConfigurationInitializer.internalPostInitialize(AConfigurationInitializer.java:236)
	at com.ti.common.project.core.internal.initializer.AConfigurationInitializer.initialize(AConfigurationInitializer.java:94)
	at com.ti.ccstudio.project.core.services.ProjectModifier$1.run(ProjectModifier.java:730)
	at org.eclipse.core.internal.resources.Workspace.run(Workspace.java:2313)
	at com.ti.ccstudio.project.core.services.ProjectModifier.modifyCCSProject(ProjectModifier.java:724)
	at com.ti.ccstudio.project.core.services.ProjectCreator$1.run(ProjectCreator.java:884)
	at org.eclipse.core.internal.resources.Workspace.run(Workspace.java:2313)
	at com.ti.ccstudio.project.core.services.ProjectCreator.createCCSProject(ProjectCreator.java:878)
	at com.ti.ccstudio.project.core.services.ProjectCreator.createCCSProject(ProjectCreator.java:829)
	at com.ti.ccstudio.project.ui.internal.resexplorer.ResourceExplorerProjectDelegate$6.run(ResourceExplorerProjectDelegate.java:480)
	at org.eclipse.jface.operation.ModalContext$ModalContextThread.run(ModalContext.java:122)


